<?xml version="1.0" encoding="UTF-8" ?>
<testsuite errors="9" failures="0" hostname="Monos-Mac-mini.local" name="functional.ServiceTest" skipped="0" tests="9" time="7.686" timestamp="2015-04-30T10:17:47">
  <properties>
[...]
</properties>
  <testcase classname="functional.ServiceTest" name="test_homeDirectory_default" time="0.046">
    <error type="java.lang.NullPointerException">java.lang.NullPointerException
	at functional.ServiceTest.tearDown(Unknown Source)
</error>
  </testcase>
  <testcase classname="functional.ServiceTest" name="test_NonExistFile" time="0.999">
    <error type="java.lang.NullPointerException">java.lang.NullPointerException
	at functional.ServiceTest.tearDown(Unknown Source)
</error>
  </testcase>
  <testcase classname="functional.ServiceTest" name="test_openFile_image" time="1.013">
    <error type="java.lang.NullPointerException">java.lang.NullPointerException
	at functional.ServiceTest.tearDown(Unknown Source)
</error>
  </testcase>
  <testcase classname="functional.ServiceTest" name="test_sendPOST" time="0.99">
    <error type="java.lang.NullPointerException">java.lang.NullPointerException
	at functional.ServiceTest.tearDown(Unknown Source)
</error>
  </testcase>
  <testcase classname="functional.ServiceTest" name="test_homeDirectory" time="1.003">
    <error type="java.lang.NullPointerException">java.lang.NullPointerException
	at functional.ServiceTest.tearDown(Unknown Source)
</error>
  </testcase>
  <testcase classname="functional.ServiceTest" name="test_subDirectory" time="1.003">
    <error type="java.lang.NullPointerException">java.lang.NullPointerException
	at functional.ServiceTest.tearDown(Unknown Source)
</error>
  </testcase>
  <testcase classname="functional.ServiceTest" name="test_openFile_pdf" time="1.063">
    <error type="java.lang.NullPointerException">java.lang.NullPointerException
	at functional.ServiceTest.tearDown(Unknown Source)
</error>
  </testcase>
  <testcase classname="functional.ServiceTest" name="test_wrongContextPath" time="0.948">
    <error type="java.lang.NullPointerException">java.lang.NullPointerException
	at functional.ServiceTest.tearDown(Unknown Source)
</error>
  </testcase>
  <testcase classname="functional.ServiceTest" name="test_openFile_text" time="0.003">
    <error type="java.lang.NullPointerException">java.lang.NullPointerException
	at functional.ServiceTest.tearDown(Unknown Source)
</error>
  </testcase>
  <system-out><![CDATA[Server started. Try : localhost:8080/view
Loading... app.properties
Loading... messageBundle.properties
Loading... contentType.properties
]]></system-out>
  <system-err><![CDATA[Port already in use. Please choose different port
Port already in use. Please choose different port
Port already in use. Please choose different port
Port already in use. Please choose different port
Port already in use. Please choose different port
Port already in use. Please choose different port
Port already in use. Please choose different port
Port already in use. Please choose different port
]]></system-err>
</testsuite>
